0 info it worked if it ends with ok
1 verbose cli [ 'C:\\Program Files\\nodejs\\node.exe',
1 verbose cli   'C:\\Users\\nbarban\\AppData\\Roaming\\npm\\node_modules\\npm\\bin\\npm-cli.js',
1 verbose cli   'start' ]
2 info using npm@4.0.1
3 info using node@v4.6.1
4 verbose run-script [ 'prestart', 'start', 'poststart' ]
5 info lifecycle angular-seed@0.0.0~prestart: angular-seed@0.0.0
6 verbose lifecycle angular-seed@0.0.0~prestart: unsafe-perm in lifecycle true
7 verbose lifecycle angular-seed@0.0.0~prestart: PATH: C:\Users\nbarban\AppData\Roaming\npm\node_modules\npm\bin\node-gyp-bin;C:\src\chess-rate\angular-seed\node_modules\.bin;C:\ProgramData\Oracle\Java\javapath;C:\Windows\system32;C:\Windows;C:\Windows\System32\Wbem;C:\Windows\System32\WindowsPowerShell\v1.0\;C:\Program Files (x86)\Skype\Phone\;C:\Program Files\Git\cmd;C:\Program Files\PostgreSQL\pg95\bin;C:\Program Files\Java\jdk1.8.0_101\bin;C:\tools\apache-maven-3.3.9\bin;C:\tools\apache-tomcat-8.5.4\bin;C:\Program Files\nodejs\;C:\Program Files\Redis\;C:\Program Files (x86)\Heroku\bin;C:\Program Files (x86)\git\cmd;C:\Program Files (x86)\Git\cmd;C:\Program Files (x86)\WinMerge;C:\Users\nbarban\AppData\Local\Microsoft\WindowsApps;C:\Program Files\nodejs;C:\Users\nbarban\AppData\Roaming\npm
8 verbose lifecycle angular-seed@0.0.0~prestart: CWD: C:\src\chess-rate\angular-seed
9 silly lifecycle angular-seed@0.0.0~prestart: Args: [ '/d /s /c', 'npm install' ]
10 silly lifecycle angular-seed@0.0.0~prestart: Returned: code: 0  signal: null
11 info lifecycle angular-seed@0.0.0~start: angular-seed@0.0.0
12 verbose lifecycle angular-seed@0.0.0~start: unsafe-perm in lifecycle true
13 verbose lifecycle angular-seed@0.0.0~start: PATH: C:\Users\nbarban\AppData\Roaming\npm\node_modules\npm\bin\node-gyp-bin;C:\src\chess-rate\angular-seed\node_modules\.bin;C:\ProgramData\Oracle\Java\javapath;C:\Windows\system32;C:\Windows;C:\Windows\System32\Wbem;C:\Windows\System32\WindowsPowerShell\v1.0\;C:\Program Files (x86)\Skype\Phone\;C:\Program Files\Git\cmd;C:\Program Files\PostgreSQL\pg95\bin;C:\Program Files\Java\jdk1.8.0_101\bin;C:\tools\apache-maven-3.3.9\bin;C:\tools\apache-tomcat-8.5.4\bin;C:\Program Files\nodejs\;C:\Program Files\Redis\;C:\Program Files (x86)\Heroku\bin;C:\Program Files (x86)\git\cmd;C:\Program Files (x86)\Git\cmd;C:\Program Files (x86)\WinMerge;C:\Users\nbarban\AppData\Local\Microsoft\WindowsApps;C:\Program Files\nodejs;C:\Users\nbarban\AppData\Roaming\npm
14 verbose lifecycle angular-seed@0.0.0~start: CWD: C:\src\chess-rate\angular-seed
15 silly lifecycle angular-seed@0.0.0~start: Args: [ '/d /s /c', 'http-server -a localhost -p 8000 -c-1 ./app' ]
16 verbose stack Error: kill ENOSYS
16 verbose stack     at exports._errnoException (util.js:907:11)
16 verbose stack     at process.kill (node.js:777:15)
16 verbose stack     at process.listener (C:\Users\nbarban\AppData\Roaming\npm\node_modules\npm\node_modules\npmlog\node_modules\gauge\node_modules\signal-exit\index.js:86:15)
16 verbose stack     at emitNone (events.js:72:20)
16 verbose stack     at process.emit (events.js:166:7)
16 verbose stack     at processEmit (C:\Users\nbarban\AppData\Roaming\npm\node_modules\npm\node_modules\npmlog\node_modules\gauge\node_modules\signal-exit\index.js:146:32)
16 verbose stack     at processEmit (C:\Users\nbarban\AppData\Roaming\npm\node_modules\npm\node_modules\npm-registry-client\node_modules\npmlog\node_modules\gauge\node_modules\signal-exit\index.js:146:32)
16 verbose stack     at Signal.wrap.onsignal (node.js:804:46)
17 verbose cwd C:\src\chess-rate\angular-seed
18 error Windows_NT 10.0.14393
19 error argv "C:\\Program Files\\nodejs\\node.exe" "C:\\Users\\nbarban\\AppData\\Roaming\\npm\\node_modules\\npm\\bin\\npm-cli.js" "start"
20 error node v4.6.1
21 error npm  v4.0.1
22 error code ENOSYS
23 error errno ENOSYS
24 error syscall kill
25 error kill ENOSYS
26 error If you need help, you may report this error at:
26 error     <https://github.com/npm/npm/issues>
27 verbose exit [ 1, true ]
